{"D:\\Sites\\TestTask\\Backend\\app.js": {"path":"D:\\Sites\\TestTask\\Backend\\app.js","statementMap":{"0":{"start":{"line":41,"column":16},"end":{"line":41,"column":34}},"1":{"start":{"line":42,"column":13},"end":{"line":42,"column":28}},"2":{"start":{"line":43,"column":12},"end":{"line":43,"column":21}},"3":{"start":{"line":45,"column":17},"end":{"line":45,"column":48}},"4":{"start":{"line":46,"column":14},"end":{"line":46,"column":42}},"5":{"start":{"line":47,"column":20},"end":{"line":47,"column":55}},"6":{"start":{"line":48,"column":18},"end":{"line":48,"column":51}},"7":{"start":{"line":49,"column":21},"end":{"line":49,"column":57}},"8":{"start":{"line":50,"column":24},"end":{"line":50,"column":59}},"9":{"start":{"line":51,"column":24},"end":{"line":51,"column":59}},"10":{"start":{"line":53,"column":0},"end":{"line":53,"column":24}},"11":{"start":{"line":54,"column":0},"end":{"line":54,"column":16}},"12":{"start":{"line":56,"column":0},"end":{"line":56,"column":25}},"13":{"start":{"line":57,"column":0},"end":{"line":57,"column":22}},"14":{"start":{"line":58,"column":0},"end":{"line":58,"column":28}},"15":{"start":{"line":59,"column":0},"end":{"line":59,"column":26}},"16":{"start":{"line":60,"column":0},"end":{"line":60,"column":29}},"17":{"start":{"line":61,"column":0},"end":{"line":61,"column":32}},"18":{"start":{"line":62,"column":0},"end":{"line":62,"column":32}},"19":{"start":{"line":64,"column":0},"end":{"line":64,"column":25}}},"fnMap":{},"branchMap":{},"s":{"0":7,"1":7,"2":7,"3":7,"4":7,"5":7,"6":7,"7":7,"8":7,"9":7,"10":7,"11":7,"12":7,"13":7,"14":7,"15":7,"16":7,"17":7,"18":7,"19":7},"f":{},"b":{},"_coverageSchema":"1a1c01bbd47fc00a2c39e90264f33305004495a9","hash":"366baffc7fbb7d9f23fe2ca108070793eb3d66a4"}
,"D:\\Sites\\TestTask\\Backend\\api\\orders\\CreateOrder.js": {"path":"D:\\Sites\\TestTask\\Backend\\api\\orders\\CreateOrder.js","statementMap":{"0":{"start":{"line":1,"column":15},"end":{"line":1,"column":33}},"1":{"start":{"line":2,"column":15},"end":{"line":2,"column":23}},"2":{"start":{"line":3,"column":19},"end":{"line":3,"column":56}},"3":{"start":{"line":4,"column":34},"end":{"line":4,"column":90}},"4":{"start":{"line":5,"column":24},"end":{"line":5,"column":42}},"5":{"start":{"line":7,"column":0},"end":{"line":26,"column":2}},"6":{"start":{"line":8,"column":2},"end":{"line":24,"column":3}},"7":{"start":{"line":9,"column":52},"end":{"line":9,"column":60}},"8":{"start":{"line":10,"column":22},"end":{"line":10,"column":62}},"9":{"start":{"line":13,"column":4},"end":{"line":15,"column":5}},"10":{"start":{"line":14,"column":6},"end":{"line":14,"column":71}},"11":{"start":{"line":17,"column":18},"end":{"line":17,"column":98}},"12":{"start":{"line":18,"column":4},"end":{"line":18,"column":23}},"13":{"start":{"line":20,"column":4},"end":{"line":20,"column":66}},"14":{"start":{"line":23,"column":4},"end":{"line":23,"column":87}},"15":{"start":{"line":28,"column":0},"end":{"line":28,"column":28}}},"fnMap":{"0":{"name":"(anonymous_0)","decl":{"start":{"line":7,"column":41},"end":{"line":7,"column":42}},"loc":{"start":{"line":7,"column":61},"end":{"line":26,"column":1}},"line":7}},"branchMap":{"0":{"loc":{"start":{"line":13,"column":4},"end":{"line":15,"column":5}},"type":"if","locations":[{"start":{"line":13,"column":4},"end":{"line":15,"column":5}},{"start":{},"end":{}}],"line":13}},"s":{"0":7,"1":7,"2":7,"3":7,"4":7,"5":7,"6":3,"7":3,"8":3,"9":3,"10":1,"11":2,"12":2,"13":1,"14":1,"15":7},"f":{"0":3},"b":{"0":[1,2]},"_coverageSchema":"1a1c01bbd47fc00a2c39e90264f33305004495a9","hash":"e8e13fbf0daedc38d30e74d0ca605eaac91b588c"}
,"D:\\Sites\\TestTask\\Backend\\api\\orders\\DeleteOrder.js": {"path":"D:\\Sites\\TestTask\\Backend\\api\\orders\\DeleteOrder.js","statementMap":{"0":{"start":{"line":1,"column":15},"end":{"line":1,"column":33}},"1":{"start":{"line":2,"column":15},"end":{"line":2,"column":23}},"2":{"start":{"line":3,"column":24},"end":{"line":3,"column":42}},"3":{"start":{"line":4,"column":19},"end":{"line":4,"column":56}},"4":{"start":{"line":6,"column":0},"end":{"line":21,"column":3}},"5":{"start":{"line":7,"column":2},"end":{"line":20,"column":3}},"6":{"start":{"line":8,"column":19},"end":{"line":8,"column":29}},"7":{"start":{"line":10,"column":25},"end":{"line":10,"column":59}},"8":{"start":{"line":12,"column":4},"end":{"line":14,"column":5}},"9":{"start":{"line":13,"column":6},"end":{"line":13,"column":70}},"10":{"start":{"line":16,"column":4},"end":{"line":16,"column":80}},"11":{"start":{"line":19,"column":4},"end":{"line":19,"column":82}},"12":{"start":{"line":23,"column":0},"end":{"line":23,"column":28}}},"fnMap":{"0":{"name":"(anonymous_0)","decl":{"start":{"line":6,"column":47},"end":{"line":6,"column":48}},"loc":{"start":{"line":6,"column":67},"end":{"line":21,"column":1}},"line":6}},"branchMap":{"0":{"loc":{"start":{"line":12,"column":4},"end":{"line":14,"column":5}},"type":"if","locations":[{"start":{"line":12,"column":4},"end":{"line":14,"column":5}},{"start":{},"end":{}}],"line":12}},"s":{"0":7,"1":7,"2":7,"3":7,"4":7,"5":3,"6":3,"7":3,"8":2,"9":1,"10":1,"11":1,"12":7},"f":{"0":3},"b":{"0":[1,1]},"_coverageSchema":"1a1c01bbd47fc00a2c39e90264f33305004495a9","hash":"bb9baa5ce210f59702d188763cc006310d9744da"}
,"D:\\Sites\\TestTask\\Backend\\api\\orders\\GetOrderById.js": {"path":"D:\\Sites\\TestTask\\Backend\\api\\orders\\GetOrderById.js","statementMap":{"0":{"start":{"line":1,"column":15},"end":{"line":1,"column":33}},"1":{"start":{"line":2,"column":15},"end":{"line":2,"column":23}},"2":{"start":{"line":3,"column":24},"end":{"line":3,"column":42}},"3":{"start":{"line":4,"column":19},"end":{"line":4,"column":56}},"4":{"start":{"line":6,"column":0},"end":{"line":20,"column":2}},"5":{"start":{"line":7,"column":2},"end":{"line":19,"column":3}},"6":{"start":{"line":8,"column":19},"end":{"line":8,"column":29}},"7":{"start":{"line":9,"column":18},"end":{"line":9,"column":43}},"8":{"start":{"line":11,"column":4},"end":{"line":13,"column":5}},"9":{"start":{"line":12,"column":6},"end":{"line":12,"column":75}},"10":{"start":{"line":15,"column":4},"end":{"line":15,"column":39}},"11":{"start":{"line":18,"column":4},"end":{"line":18,"column":78}},"12":{"start":{"line":22,"column":0},"end":{"line":22,"column":27}}},"fnMap":{"0":{"name":"(anonymous_0)","decl":{"start":{"line":6,"column":42},"end":{"line":6,"column":43}},"loc":{"start":{"line":6,"column":62},"end":{"line":20,"column":1}},"line":6}},"branchMap":{"0":{"loc":{"start":{"line":11,"column":4},"end":{"line":13,"column":5}},"type":"if","locations":[{"start":{"line":11,"column":4},"end":{"line":13,"column":5}},{"start":{},"end":{}}],"line":11}},"s":{"0":7,"1":7,"2":7,"3":7,"4":7,"5":3,"6":3,"7":3,"8":2,"9":1,"10":1,"11":1,"12":7},"f":{"0":3},"b":{"0":[1,1]},"_coverageSchema":"1a1c01bbd47fc00a2c39e90264f33305004495a9","hash":"10ca544bf07cfca1f005fcb6aa852eeac0d0c5d3"}
,"D:\\Sites\\TestTask\\Backend\\api\\orders\\GetOrders.js": {"path":"D:\\Sites\\TestTask\\Backend\\api\\orders\\GetOrders.js","statementMap":{"0":{"start":{"line":1,"column":15},"end":{"line":1,"column":33}},"1":{"start":{"line":2,"column":15},"end":{"line":2,"column":23}},"2":{"start":{"line":3,"column":19},"end":{"line":3,"column":56}},"3":{"start":{"line":4,"column":24},"end":{"line":4,"column":42}},"4":{"start":{"line":6,"column":0},"end":{"line":19,"column":2}},"5":{"start":{"line":7,"column":2},"end":{"line":18,"column":3}},"6":{"start":{"line":8,"column":19},"end":{"line":8,"column":38}},"7":{"start":{"line":10,"column":4},"end":{"line":12,"column":5}},"8":{"start":{"line":11,"column":6},"end":{"line":11,"column":66}},"9":{"start":{"line":14,"column":4},"end":{"line":14,"column":40}},"10":{"start":{"line":17,"column":4},"end":{"line":17,"column":87}},"11":{"start":{"line":21,"column":0},"end":{"line":21,"column":28}}},"fnMap":{"0":{"name":"(anonymous_0)","decl":{"start":{"line":6,"column":38},"end":{"line":6,"column":39}},"loc":{"start":{"line":6,"column":58},"end":{"line":19,"column":1}},"line":6}},"branchMap":{"0":{"loc":{"start":{"line":10,"column":4},"end":{"line":12,"column":5}},"type":"if","locations":[{"start":{"line":10,"column":4},"end":{"line":12,"column":5}},{"start":{},"end":{}}],"line":10}},"s":{"0":7,"1":7,"2":7,"3":7,"4":7,"5":3,"6":3,"7":2,"8":1,"9":1,"10":1,"11":7},"f":{"0":3},"b":{"0":[1,1]},"_coverageSchema":"1a1c01bbd47fc00a2c39e90264f33305004495a9","hash":"bbf9328386e328783f3c6cd14f73d96066c0675a"}
,"D:\\Sites\\TestTask\\Backend\\api\\orders\\UpdateOrder.js": {"path":"D:\\Sites\\TestTask\\Backend\\api\\orders\\UpdateOrder.js","statementMap":{"0":{"start":{"line":1,"column":15},"end":{"line":1,"column":33}},"1":{"start":{"line":2,"column":15},"end":{"line":2,"column":23}},"2":{"start":{"line":3,"column":34},"end":{"line":3,"column":90}},"3":{"start":{"line":4,"column":24},"end":{"line":4,"column":42}},"4":{"start":{"line":5,"column":19},"end":{"line":5,"column":56}},"5":{"start":{"line":8,"column":0},"end":{"line":32,"column":2}},"6":{"start":{"line":9,"column":2},"end":{"line":31,"column":3}},"7":{"start":{"line":10,"column":63},"end":{"line":10,"column":71}},"8":{"start":{"line":11,"column":22},"end":{"line":11,"column":62}},"9":{"start":{"line":13,"column":4},"end":{"line":15,"column":5}},"10":{"start":{"line":14,"column":6},"end":{"line":14,"column":71}},"11":{"start":{"line":17,"column":25},"end":{"line":21,"column":5}},"12":{"start":{"line":23,"column":4},"end":{"line":25,"column":5}},"13":{"start":{"line":24,"column":6},"end":{"line":24,"column":64}},"14":{"start":{"line":27,"column":4},"end":{"line":27,"column":91}},"15":{"start":{"line":30,"column":4},"end":{"line":30,"column":86}},"16":{"start":{"line":34,"column":0},"end":{"line":34,"column":27}}},"fnMap":{"0":{"name":"(anonymous_0)","decl":{"start":{"line":8,"column":44},"end":{"line":8,"column":45}},"loc":{"start":{"line":8,"column":64},"end":{"line":32,"column":1}},"line":8}},"branchMap":{"0":{"loc":{"start":{"line":13,"column":4},"end":{"line":15,"column":5}},"type":"if","locations":[{"start":{"line":13,"column":4},"end":{"line":15,"column":5}},{"start":{},"end":{}}],"line":13},"1":{"loc":{"start":{"line":23,"column":4},"end":{"line":25,"column":5}},"type":"if","locations":[{"start":{"line":23,"column":4},"end":{"line":25,"column":5}},{"start":{},"end":{}}],"line":23}},"s":{"0":7,"1":7,"2":7,"3":7,"4":7,"5":7,"6":4,"7":4,"8":4,"9":4,"10":1,"11":3,"12":2,"13":1,"14":1,"15":1,"16":7},"f":{"0":4},"b":{"0":[1,3],"1":[1,1]},"_coverageSchema":"1a1c01bbd47fc00a2c39e90264f33305004495a9","hash":"954baccb4546115f0f1b8ab763b3bf98af4f169b"}
,"D:\\Sites\\TestTask\\Backend\\api\\orders\\utils.js": {"path":"D:\\Sites\\TestTask\\Backend\\api\\orders\\utils.js","statementMap":{"0":{"start":{"line":1,"column":12},"end":{"line":1,"column":35}},"1":{"start":{"line":2,"column":0},"end":{"line":2,"column":27}},"2":{"start":{"line":3,"column":18},"end":{"line":3,"column":40}},"3":{"start":{"line":6,"column":16},"end":{"line":6,"column":36}},"4":{"start":{"line":8,"column":2},"end":{"line":10,"column":3}},"5":{"start":{"line":9,"column":4},"end":{"line":9,"column":58}},"6":{"start":{"line":12,"column":2},"end":{"line":24,"column":5}},"7":{"start":{"line":13,"column":4},"end":{"line":20,"column":5}},"8":{"start":{"line":15,"column":6},"end":{"line":17,"column":7}},"9":{"start":{"line":16,"column":8},"end":{"line":16,"column":57}},"10":{"start":{"line":19,"column":6},"end":{"line":19,"column":66}},"11":{"start":{"line":22,"column":4},"end":{"line":22,"column":23}},"12":{"start":{"line":23,"column":4},"end":{"line":23,"column":11}},"13":{"start":{"line":27,"column":0},"end":{"line":27,"column":33}}},"fnMap":{"0":{"name":"verifyToken","decl":{"start":{"line":5,"column":9},"end":{"line":5,"column":20}},"loc":{"start":{"line":5,"column":37},"end":{"line":25,"column":1}},"line":5},"1":{"name":"(anonymous_1)","decl":{"start":{"line":12,"column":31},"end":{"line":12,"column":32}},"loc":{"start":{"line":12,"column":49},"end":{"line":24,"column":3}},"line":12}},"branchMap":{"0":{"loc":{"start":{"line":8,"column":2},"end":{"line":10,"column":3}},"type":"if","locations":[{"start":{"line":8,"column":2},"end":{"line":10,"column":3}},{"start":{},"end":{}}],"line":8},"1":{"loc":{"start":{"line":13,"column":4},"end":{"line":20,"column":5}},"type":"if","locations":[{"start":{"line":13,"column":4},"end":{"line":20,"column":5}},{"start":{},"end":{}}],"line":13},"2":{"loc":{"start":{"line":15,"column":6},"end":{"line":17,"column":7}},"type":"if","locations":[{"start":{"line":15,"column":6},"end":{"line":17,"column":7}},{"start":{},"end":{}}],"line":15}},"s":{"0":3,"1":3,"2":3,"3":4,"4":4,"5":1,"6":3,"7":3,"8":2,"9":1,"10":1,"11":1,"12":1,"13":3},"f":{"0":4,"1":3},"b":{"0":[1,3],"1":[2,1],"2":[1,1]},"_coverageSchema":"1a1c01bbd47fc00a2c39e90264f33305004495a9","hash":"deddf710330e235fb21aa7a74afb753d49a59964"}
,"D:\\Sites\\TestTask\\Backend\\api\\users\\Login.js": {"path":"D:\\Sites\\TestTask\\Backend\\api\\users\\Login.js","statementMap":{"0":{"start":{"line":1,"column":18},"end":{"line":1,"column":54}},"1":{"start":{"line":2,"column":15},"end":{"line":2,"column":33}},"2":{"start":{"line":3,"column":15},"end":{"line":3,"column":23}},"3":{"start":{"line":4,"column":15},"end":{"line":4,"column":32}},"4":{"start":{"line":5,"column":12},"end":{"line":5,"column":35}},"5":{"start":{"line":6,"column":18},"end":{"line":6,"column":40}},"6":{"start":{"line":7,"column":20},"end":{"line":7,"column":44}},"7":{"start":{"line":9,"column":0},"end":{"line":32,"column":2}},"8":{"start":{"line":11,"column":2},"end":{"line":31,"column":3}},"9":{"start":{"line":12,"column":35},"end":{"line":12,"column":43}},"10":{"start":{"line":13,"column":17},"end":{"line":13,"column":60}},"11":{"start":{"line":15,"column":4},"end":{"line":28,"column":5}},"12":{"start":{"line":16,"column":6},"end":{"line":16,"column":80}},"13":{"start":{"line":20,"column":30},"end":{"line":20,"column":75}},"14":{"start":{"line":22,"column":6},"end":{"line":24,"column":7}},"15":{"start":{"line":23,"column":8},"end":{"line":23,"column":72}},"16":{"start":{"line":26,"column":20},"end":{"line":26,"column":95}},"17":{"start":{"line":27,"column":6},"end":{"line":27,"column":54}},"18":{"start":{"line":30,"column":4},"end":{"line":30,"column":66}},"19":{"start":{"line":35,"column":0},"end":{"line":35,"column":27}}},"fnMap":{"0":{"name":"(anonymous_0)","decl":{"start":{"line":9,"column":22},"end":{"line":9,"column":23}},"loc":{"start":{"line":9,"column":42},"end":{"line":32,"column":1}},"line":9}},"branchMap":{"0":{"loc":{"start":{"line":15,"column":4},"end":{"line":28,"column":5}},"type":"if","locations":[{"start":{"line":15,"column":4},"end":{"line":28,"column":5}},{"start":{"line":19,"column":9},"end":{"line":28,"column":5}}],"line":15},"1":{"loc":{"start":{"line":22,"column":6},"end":{"line":24,"column":7}},"type":"if","locations":[{"start":{"line":22,"column":6},"end":{"line":24,"column":7}},{"start":{},"end":{}}],"line":22}},"s":{"0":7,"1":7,"2":7,"3":7,"4":7,"5":7,"6":7,"7":7,"8":4,"9":4,"10":4,"11":4,"12":1,"13":3,"14":2,"15":1,"16":1,"17":1,"18":1,"19":7},"f":{"0":4},"b":{"0":[1,3],"1":[1,1]},"_coverageSchema":"1a1c01bbd47fc00a2c39e90264f33305004495a9","hash":"1fa19ca9468a442ebfc02764ba95c1b3ad34704d"}
,"D:\\Sites\\TestTask\\Backend\\api\\users\\Register.js": {"path":"D:\\Sites\\TestTask\\Backend\\api\\users\\Register.js","statementMap":{"0":{"start":{"line":1,"column":18},"end":{"line":1,"column":54}},"1":{"start":{"line":2,"column":0},"end":{"line":2,"column":27}},"2":{"start":{"line":3,"column":15},"end":{"line":3,"column":33}},"3":{"start":{"line":4,"column":15},"end":{"line":4,"column":23}},"4":{"start":{"line":5,"column":15},"end":{"line":5,"column":32}},"5":{"start":{"line":6,"column":12},"end":{"line":6,"column":35}},"6":{"start":{"line":7,"column":37},"end":{"line":7,"column":96}},"7":{"start":{"line":8,"column":19},"end":{"line":8,"column":21}},"8":{"start":{"line":9,"column":18},"end":{"line":9,"column":40}},"9":{"start":{"line":10,"column":20},"end":{"line":10,"column":44}},"10":{"start":{"line":15,"column":0},"end":{"line":41,"column":2}},"11":{"start":{"line":16,"column":2},"end":{"line":40,"column":3}},"12":{"start":{"line":17,"column":35},"end":{"line":17,"column":43}},"13":{"start":{"line":18,"column":22},"end":{"line":18,"column":65}},"14":{"start":{"line":19,"column":18},"end":{"line":19,"column":51}},"15":{"start":{"line":21,"column":4},"end":{"line":23,"column":5}},"16":{"start":{"line":22,"column":6},"end":{"line":22,"column":71}},"17":{"start":{"line":25,"column":4},"end":{"line":36,"column":5}},"18":{"start":{"line":26,"column":6},"end":{"line":26,"column":79}},"19":{"start":{"line":30,"column":29},"end":{"line":30,"column":68}},"20":{"start":{"line":31,"column":18},"end":{"line":31,"column":77}},"21":{"start":{"line":32,"column":6},"end":{"line":32,"column":23}},"22":{"start":{"line":34,"column":20},"end":{"line":34,"column":94}},"23":{"start":{"line":35,"column":6},"end":{"line":35,"column":37}},"24":{"start":{"line":39,"column":4},"end":{"line":39,"column":82}},"25":{"start":{"line":45,"column":0},"end":{"line":45,"column":28}}},"fnMap":{"0":{"name":"(anonymous_0)","decl":{"start":{"line":15,"column":25},"end":{"line":15,"column":26}},"loc":{"start":{"line":15,"column":45},"end":{"line":41,"column":1}},"line":15}},"branchMap":{"0":{"loc":{"start":{"line":21,"column":4},"end":{"line":23,"column":5}},"type":"if","locations":[{"start":{"line":21,"column":4},"end":{"line":23,"column":5}},{"start":{},"end":{}}],"line":21},"1":{"loc":{"start":{"line":25,"column":4},"end":{"line":36,"column":5}},"type":"if","locations":[{"start":{"line":25,"column":4},"end":{"line":36,"column":5}},{"start":{"line":29,"column":9},"end":{"line":36,"column":5}}],"line":25}},"s":{"0":7,"1":7,"2":7,"3":7,"4":7,"5":7,"6":7,"7":7,"8":7,"9":7,"10":7,"11":5,"12":5,"13":5,"14":5,"15":5,"16":2,"17":3,"18":1,"19":2,"20":2,"21":2,"22":1,"23":1,"24":1,"25":7},"f":{"0":5},"b":{"0":[2,3],"1":[1,2]},"_coverageSchema":"1a1c01bbd47fc00a2c39e90264f33305004495a9","hash":"ab1b7fbc599c2fa25bd011bd6099281132100110"}
,"D:\\Sites\\TestTask\\Backend\\models\\Item.schema.js": {"path":"D:\\Sites\\TestTask\\Backend\\models\\Item.schema.js","statementMap":{"0":{"start":{"line":1,"column":19},"end":{"line":1,"column":38}},"1":{"start":{"line":3,"column":19},"end":{"line":8,"column":2}},"2":{"start":{"line":10,"column":0},"end":{"line":10,"column":28}}},"fnMap":{},"branchMap":{},"s":{"0":7,"1":7,"2":7},"f":{},"b":{},"_coverageSchema":"1a1c01bbd47fc00a2c39e90264f33305004495a9","hash":"4925bb9f849514548a5ea56399e0a01917746668"}
,"D:\\Sites\\TestTask\\Backend\\models\\Orders.Schema.js": {"path":"D:\\Sites\\TestTask\\Backend\\models\\Orders.Schema.js","statementMap":{"0":{"start":{"line":1,"column":26},"end":{"line":1,"column":45}},"1":{"start":{"line":2,"column":19},"end":{"line":2,"column":43}},"2":{"start":{"line":4,"column":15},"end":{"line":10,"column":2}},"3":{"start":{"line":12,"column":15},"end":{"line":12,"column":42}},"4":{"start":{"line":14,"column":0},"end":{"line":14,"column":28}}},"fnMap":{},"branchMap":{},"s":{"0":7,"1":7,"2":7,"3":7,"4":7},"f":{},"b":{},"_coverageSchema":"1a1c01bbd47fc00a2c39e90264f33305004495a9","hash":"dd356ce3296f56063bf357156d9ebfeb76c77a0a"}
,"D:\\Sites\\TestTask\\Backend\\models\\Users.Schema.js": {"path":"D:\\Sites\\TestTask\\Backend\\models\\Users.Schema.js","statementMap":{"0":{"start":{"line":1,"column":26},"end":{"line":1,"column":45}},"1":{"start":{"line":3,"column":14},"end":{"line":6,"column":2}},"2":{"start":{"line":8,"column":14},"end":{"line":8,"column":39}},"3":{"start":{"line":10,"column":0},"end":{"line":10,"column":27}}},"fnMap":{},"branchMap":{},"s":{"0":7,"1":7,"2":7,"3":7},"f":{},"b":{},"_coverageSchema":"1a1c01bbd47fc00a2c39e90264f33305004495a9","hash":"745f4743a24f7e15709001a9f05912ac145b7800"}
,"D:\\Sites\\TestTask\\Backend\\tests\\orders\\mockData.js": {"path":"D:\\Sites\\TestTask\\Backend\\tests\\orders\\mockData.js","statementMap":{"0":{"start":{"line":1,"column":17},"end":{"line":32,"column":2}},"1":{"start":{"line":34,"column":0},"end":{"line":34,"column":29}}},"fnMap":{},"branchMap":{},"s":{"0":3,"1":3},"f":{},"b":{},"_coverageSchema":"1a1c01bbd47fc00a2c39e90264f33305004495a9","hash":"064d95fc446418e7d6e79db197891db7d9b316e3"}
,"D:\\Sites\\TestTask\\Backend\\validationSchemas\\ItemValidationSchema.js": {"path":"D:\\Sites\\TestTask\\Backend\\validationSchemas\\ItemValidationSchema.js","statementMap":{"0":{"start":{"line":1,"column":12},"end":{"line":1,"column":26}},"1":{"start":{"line":3,"column":29},"end":{"line":8,"column":2}},"2":{"start":{"line":10,"column":0},"end":{"line":10,"column":42}}},"fnMap":{},"branchMap":{},"s":{"0":7,"1":7,"2":7},"f":{},"b":{},"_coverageSchema":"1a1c01bbd47fc00a2c39e90264f33305004495a9","hash":"5ba66b73010d9ab609bc0ca83070465ad4910e6d"}
,"D:\\Sites\\TestTask\\Backend\\validationSchemas\\OrderValidationSchema.js": {"path":"D:\\Sites\\TestTask\\Backend\\validationSchemas\\OrderValidationSchema.js","statementMap":{"0":{"start":{"line":1,"column":12},"end":{"line":1,"column":26}},"1":{"start":{"line":2,"column":33},"end":{"line":2,"column":66}},"2":{"start":{"line":5,"column":30},"end":{"line":10,"column":2}},"3":{"start":{"line":12,"column":0},"end":{"line":12,"column":43}}},"fnMap":{},"branchMap":{},"s":{"0":7,"1":7,"2":7,"3":7},"f":{},"b":{},"_coverageSchema":"1a1c01bbd47fc00a2c39e90264f33305004495a9","hash":"4e017ce79fe13268c1061dbba47c31ced2df4044"}
,"D:\\Sites\\TestTask\\Backend\\validationSchemas\\RegisterValidationSchema.js": {"path":"D:\\Sites\\TestTask\\Backend\\validationSchemas\\RegisterValidationSchema.js","statementMap":{"0":{"start":{"line":1,"column":12},"end":{"line":1,"column":26}},"1":{"start":{"line":3,"column":33},"end":{"line":6,"column":2}},"2":{"start":{"line":8,"column":0},"end":{"line":8,"column":46}}},"fnMap":{},"branchMap":{},"s":{"0":7,"1":7,"2":7},"f":{},"b":{},"_coverageSchema":"1a1c01bbd47fc00a2c39e90264f33305004495a9","hash":"ef969490a8e1c5f5f20ddfcab01ef3e16379b33d"}
}
