TN:
SF:app.js
FNF:0
FNH:0
DA:41,7
DA:42,7
DA:43,7
DA:45,7
DA:46,7
DA:47,7
DA:48,7
DA:49,7
DA:50,7
DA:51,7
DA:53,7
DA:54,7
DA:56,7
DA:57,7
DA:58,7
DA:59,7
DA:60,7
DA:61,7
DA:62,7
DA:64,7
LF:20
LH:20
BRF:0
BRH:0
end_of_record
TN:
SF:api\orders\CreateOrder.js
FN:7,(anonymous_0)
FNF:1
FNH:1
FNDA:3,(anonymous_0)
DA:1,7
DA:2,7
DA:3,7
DA:4,7
DA:5,7
DA:7,7
DA:8,3
DA:9,3
DA:10,3
DA:13,3
DA:14,1
DA:17,2
DA:18,2
DA:20,1
DA:23,1
DA:28,7
LF:16
LH:16
BRDA:13,0,0,1
BRDA:13,0,1,2
BRF:2
BRH:2
end_of_record
TN:
SF:api\orders\DeleteOrder.js
FN:6,(anonymous_0)
FNF:1
FNH:1
FNDA:3,(anonymous_0)
DA:1,7
DA:2,7
DA:3,7
DA:4,7
DA:6,7
DA:7,3
DA:8,3
DA:10,3
DA:12,2
DA:13,1
DA:16,1
DA:19,1
DA:23,7
LF:13
LH:13
BRDA:12,0,0,1
BRDA:12,0,1,1
BRF:2
BRH:2
end_of_record
TN:
SF:api\orders\GetOrderById.js
FN:6,(anonymous_0)
FNF:1
FNH:1
FNDA:3,(anonymous_0)
DA:1,7
DA:2,7
DA:3,7
DA:4,7
DA:6,7
DA:7,3
DA:8,3
DA:9,3
DA:11,2
DA:12,1
DA:15,1
DA:18,1
DA:22,7
LF:13
LH:13
BRDA:11,0,0,1
BRDA:11,0,1,1
BRF:2
BRH:2
end_of_record
TN:
SF:api\orders\GetOrders.js
FN:6,(anonymous_0)
FNF:1
FNH:1
FNDA:3,(anonymous_0)
DA:1,7
DA:2,7
DA:3,7
DA:4,7
DA:6,7
DA:7,3
DA:8,3
DA:10,2
DA:11,1
DA:14,1
DA:17,1
DA:21,7
LF:12
LH:12
BRDA:10,0,0,1
BRDA:10,0,1,1
BRF:2
BRH:2
end_of_record
TN:
SF:api\orders\UpdateOrder.js
FN:8,(anonymous_0)
FNF:1
FNH:1
FNDA:4,(anonymous_0)
DA:1,7
DA:2,7
DA:3,7
DA:4,7
DA:5,7
DA:8,7
DA:9,4
DA:10,4
DA:11,4
DA:13,4
DA:14,1
DA:17,3
DA:23,2
DA:24,1
DA:27,1
DA:30,1
DA:34,7
LF:17
LH:17
BRDA:13,0,0,1
BRDA:13,0,1,3
BRDA:23,1,0,1
BRDA:23,1,1,1
BRF:4
BRH:4
end_of_record
TN:
SF:api\orders\utils.js
FN:5,verifyToken
FN:12,(anonymous_1)
FNF:2
FNH:2
FNDA:4,verifyToken
FNDA:3,(anonymous_1)
DA:1,3
DA:2,3
DA:3,3
DA:6,4
DA:8,4
DA:9,1
DA:12,3
DA:13,3
DA:15,2
DA:16,1
DA:19,1
DA:22,1
DA:23,1
DA:27,3
LF:14
LH:14
BRDA:8,0,0,1
BRDA:8,0,1,3
BRDA:13,1,0,2
BRDA:13,1,1,1
BRDA:15,2,0,1
BRDA:15,2,1,1
BRF:6
BRH:6
end_of_record
TN:
SF:api\users\Login.js
FN:9,(anonymous_0)
FNF:1
FNH:1
FNDA:4,(anonymous_0)
DA:1,7
DA:2,7
DA:3,7
DA:4,7
DA:5,7
DA:6,7
DA:7,7
DA:9,7
DA:11,4
DA:12,4
DA:13,4
DA:15,4
DA:16,1
DA:20,3
DA:22,2
DA:23,1
DA:26,1
DA:27,1
DA:30,1
DA:35,7
LF:20
LH:20
BRDA:15,0,0,1
BRDA:15,0,1,3
BRDA:22,1,0,1
BRDA:22,1,1,1
BRF:4
BRH:4
end_of_record
TN:
SF:api\users\Register.js
FN:15,(anonymous_0)
FNF:1
FNH:1
FNDA:5,(anonymous_0)
DA:1,7
DA:2,7
DA:3,7
DA:4,7
DA:5,7
DA:6,7
DA:7,7
DA:8,7
DA:9,7
DA:10,7
DA:15,7
DA:16,5
DA:17,5
DA:18,5
DA:19,5
DA:21,5
DA:22,2
DA:25,3
DA:26,1
DA:30,2
DA:31,2
DA:32,2
DA:34,1
DA:35,1
DA:39,1
DA:45,7
LF:26
LH:26
BRDA:21,0,0,2
BRDA:21,0,1,3
BRDA:25,1,0,1
BRDA:25,1,1,2
BRF:4
BRH:4
end_of_record
TN:
SF:models\Item.schema.js
FNF:0
FNH:0
DA:1,7
DA:3,7
DA:10,7
LF:3
LH:3
BRF:0
BRH:0
end_of_record
TN:
SF:models\Orders.Schema.js
FNF:0
FNH:0
DA:1,7
DA:2,7
DA:4,7
DA:12,7
DA:14,7
LF:5
LH:5
BRF:0
BRH:0
end_of_record
TN:
SF:models\Users.Schema.js
FNF:0
FNH:0
DA:1,7
DA:3,7
DA:8,7
DA:10,7
LF:4
LH:4
BRF:0
BRH:0
end_of_record
TN:
SF:tests\orders\mockData.js
FNF:0
FNH:0
DA:1,3
DA:34,3
LF:2
LH:2
BRF:0
BRH:0
end_of_record
TN:
SF:validationSchemas\ItemValidationSchema.js
FNF:0
FNH:0
DA:1,7
DA:3,7
DA:10,7
LF:3
LH:3
BRF:0
BRH:0
end_of_record
TN:
SF:validationSchemas\OrderValidationSchema.js
FNF:0
FNH:0
DA:1,7
DA:2,7
DA:5,7
DA:12,7
LF:4
LH:4
BRF:0
BRH:0
end_of_record
TN:
SF:validationSchemas\RegisterValidationSchema.js
FNF:0
FNH:0
DA:1,7
DA:3,7
DA:8,7
LF:3
LH:3
BRF:0
BRH:0
end_of_record
